<?xml version="1.0" encoding="UTF-8"?>
<!-- Generated by org.testng.reporters.JUnitReportReporter -->
<testsuite hostname="Ravivarma" failures="0" tests="1" name="autolist.Execution.Model_select" time="17.281" errors="0" timestamp="2023-09-25T12:04:55 IST" skipped="0">
  <testcase classname="autolist.Execution.Model_select" name="modelHyundaiSelect" time="17.281"/>
</testsuite> <!-- autolist.Execution.Model_select -->
